Flow report for QAccelPrj
Tue May  6 22:14:08 2025
Quartus Prime Version 22.1std.0 Build 915 10/25/2022 SC Standard Edition


---------------------
; Table of Contents ;
---------------------
  1. Legal Notice
  2. Flow Summary
  3. Flow Settings
  4. Flow Non-Default Global Settings
  5. Flow Elapsed Time
  6. Flow OS Summary
  7. Flow Log
  8. Flow Messages
  9. Flow Suppressed Messages



----------------
; Legal Notice ;
----------------
Copyright (C) 2022  Intel Corporation. All rights reserved.
Your use of Intel Corporation's design tools, logic functions 
and other software and tools, and any partner logic 
functions, and any output files from any of the foregoing 
(including device programming or simulation files), and any 
associated documentation or information are expressly subject 
to the terms and conditions of the Intel Program License 
Subscription Agreement, the Intel Quartus Prime License Agreement,
the Intel FPGA IP License Agreement, or other applicable license
agreement, including, without limitation, that your use is for
the sole purpose of programming logic devices manufactured by
Intel and sold by Intel or its authorized distributors.  Please
refer to the applicable agreement for further details, at
https://fpgasoftware.intel.com/eula.



+-----------------------------------------------------------------------------------------+
; Flow Summary                                                                            ;
+------------------------------------+----------------------------------------------------+
; Flow Status                        ; Successful - Tue May  6 22:14:08 2025              ;
; Quartus Prime Version              ; 22.1std.0 Build 915 10/25/2022 SC Standard Edition ;
; Revision Name                      ; QAccelPrj                                          ;
; Top-level Entity Name              ; top                                                ;
; Family                             ; Cyclone IV E                                       ;
; Device                             ; EP4CE10E22C8                                       ;
; Timing Models                      ; Final                                              ;
; Total logic elements               ; 1,525 / 10,320 ( 15 % )                            ;
;     Total combinational functions  ; 927 / 10,320 ( 9 % )                               ;
;     Dedicated logic registers      ; 1,092 / 10,320 ( 11 % )                            ;
; Total registers                    ; 1092                                               ;
; Total pins                         ; 2 / 92 ( 2 % )                                     ;
; Total virtual pins                 ; 384                                                ;
; Total memory bits                  ; 0 / 423,936 ( 0 % )                                ;
; Embedded Multiplier 9-bit elements ; 32 / 46 ( 70 % )                                   ;
; Total PLLs                         ; 0 / 2 ( 0 % )                                      ;
+------------------------------------+----------------------------------------------------+


+-----------------------------------------+
; Flow Settings                           ;
+-------------------+---------------------+
; Option            ; Setting             ;
+-------------------+---------------------+
; Start date & time ; 05/06/2025 22:13:08 ;
; Main task         ; Compilation         ;
; Revision Name     ; QAccelPrj           ;
+-------------------+---------------------+


+------------------------------------------------------------------------------------------------------------------------------------------------+
; Flow Non-Default Global Settings                                                                                                               ;
+-------------------------------------+----------------------------------------+---------------+-------------+-----------------------------------+
; Assignment Name                     ; Value                                  ; Default Value ; Entity Name ; Section Id                        ;
+-------------------------------------+----------------------------------------+---------------+-------------+-----------------------------------+
; COMPILER_SIGNATURE_ID               ; 10995770589193.174655878806584         ; --            ; --          ; --                                ;
; EDA_GENERATE_FUNCTIONAL_NETLIST     ; Off                                    ; --            ; --          ; eda_board_design_timing           ;
; EDA_GENERATE_FUNCTIONAL_NETLIST     ; Off                                    ; --            ; --          ; eda_board_design_boundary_scan    ;
; EDA_GENERATE_FUNCTIONAL_NETLIST     ; Off                                    ; --            ; --          ; eda_board_design_signal_integrity ;
; EDA_GENERATE_FUNCTIONAL_NETLIST     ; Off                                    ; --            ; --          ; eda_board_design_symbol           ;
; EDA_OUTPUT_DATA_FORMAT              ; Systemverilog Hdl                      ; --            ; --          ; eda_simulation                    ;
; EDA_SIMULATION_TOOL                 ; ModelSim (SystemVerilog)               ; <None>        ; --          ; --                                ;
; EDA_TIME_SCALE                      ; 1 ps                                   ; --            ; --          ; eda_simulation                    ;
; MAX_CORE_JUNCTION_TEMP              ; 85                                     ; --            ; --          ; --                                ;
; MIN_CORE_JUNCTION_TEMP              ; 0                                      ; --            ; --          ; --                                ;
; MISC_FILE                           ; util/pll_bb.v                          ; --            ; --          ; --                                ;
; MISC_FILE                           ; util/pll.ppf                           ; --            ; --          ; --                                ;
; PARTITION_COLOR                     ; -- (Not supported for targeted family) ; --            ; top         ; Top                               ;
; PARTITION_FITTER_PRESERVATION_LEVEL ; -- (Not supported for targeted family) ; --            ; top         ; Top                               ;
; PARTITION_NETLIST_TYPE              ; -- (Not supported for targeted family) ; --            ; top         ; Top                               ;
; POWER_BOARD_THERMAL_MODEL           ; None (CONSERVATIVE)                    ; --            ; --          ; --                                ;
; POWER_PRESET_COOLING_SOLUTION       ; 23 MM HEAT SINK WITH 200 LFPM AIRFLOW  ; --            ; --          ; --                                ;
; PROJECT_OUTPUT_DIRECTORY            ; output_files                           ; --            ; --          ; --                                ;
; TOP_LEVEL_ENTITY                    ; top                                    ; QAccelPrj     ; --          ; --                                ;
+-------------------------------------+----------------------------------------+---------------+-------------+-----------------------------------+


+--------------------------------------------------------------------------------------------------------------------------+
; Flow Elapsed Time                                                                                                        ;
+----------------------+--------------+-------------------------+---------------------+------------------------------------+
; Module Name          ; Elapsed Time ; Average Processors Used ; Peak Virtual Memory ; Total CPU Time (on all processors) ;
+----------------------+--------------+-------------------------+---------------------+------------------------------------+
; Analysis & Synthesis ; 00:00:16     ; 1.0                     ; 4874 MB             ; 00:00:46                           ;
; Fitter               ; 00:00:34     ; 1.2                     ; 6300 MB             ; 00:01:16                           ;
; Assembler            ; 00:00:01     ; 1.0                     ; 4717 MB             ; 00:00:01                           ;
; Timing Analyzer      ; 00:00:04     ; 1.8                     ; 4886 MB             ; 00:00:04                           ;
; EDA Netlist Writer   ; 00:00:01     ; 1.0                     ; 4662 MB             ; 00:00:01                           ;
; Total                ; 00:00:56     ; --                      ; --                  ; 00:02:08                           ;
+----------------------+--------------+-------------------------+---------------------+------------------------------------+


+------------------------------------------------------------------------------------+
; Flow OS Summary                                                                    ;
+----------------------+------------------+------------+------------+----------------+
; Module Name          ; Machine Hostname ; OS Name    ; OS Version ; Processor type ;
+----------------------+------------------+------------+------------+----------------+
; Analysis & Synthesis ; DESKTOP-EF5NR50  ; Windows 10 ; 10.0       ; x86_64         ;
; Fitter               ; DESKTOP-EF5NR50  ; Windows 10 ; 10.0       ; x86_64         ;
; Assembler            ; DESKTOP-EF5NR50  ; Windows 10 ; 10.0       ; x86_64         ;
; Timing Analyzer      ; DESKTOP-EF5NR50  ; Windows 10 ; 10.0       ; x86_64         ;
; EDA Netlist Writer   ; DESKTOP-EF5NR50  ; Windows 10 ; 10.0       ; x86_64         ;
+----------------------+------------------+------------+------------+----------------+


------------
; Flow Log ;
------------
quartus_map --read_settings_files=on --write_settings_files=off QAccelPrj -c QAccelPrj
quartus_fit --read_settings_files=off --write_settings_files=off QAccelPrj -c QAccelPrj
quartus_asm --read_settings_files=off --write_settings_files=off QAccelPrj -c QAccelPrj
quartus_sta QAccelPrj -c QAccelPrj
quartus_eda --read_settings_files=off --write_settings_files=off QAccelPrj -c QAccelPrj



